(---------------------------------------------------------------------)
(                                                                     )
(    Allegro Netrev Import Logic                                      )
(                                                                     )
(    Drawing          : moborts.brd                                   )
(    Software Version : 17.4S031                                      )
(    Date/Time        : Thu Jan 26 00:23:12 2023                      )
(                                                                     )
(---------------------------------------------------------------------)


------ Directives ------------

Ripup etch:                  No
Ripup delete first segment:  No
Ripup retain bondwire:       No
Ripup symbols:               Always
Missing symbol has error:    No
DRC update:                  Yes
Schematic directory:         'd:\onedrive - university of tennessee\college\utc\master\skywater\rtseval\rtsmobov2'
Design Directory:            'd:/onedrive - university of tennessee/college/utc/master/skywater/rtseval/rtsmobov2'
Old design name:             'd:/onedrive - university of tennessee/college/utc/master/skywater/rtseval/rtsmobov2/moborts.brd'
New design name:             'd:/onedrive - university of tennessee/college/utc/master/skywater/rtseval/rtsmobov2/moborts.brd'

CmdLine: netrev -i d:\onedrive - university of tennessee\college\utc\master\skywater\rtseval\rtsmobov2 -y 1 -q netrev_constraint_report.xml d:/onedrive - university of tennessee/college/utc/master/skywater/rtseval/rtsmobov2/#Taaaaah12216.tmp

------ Preparing to read pst files ------

Starting to read d:/onedrive - university of tennessee/college/utc/master/skywater/rtseval/rtsmobov2/pstchip.dat 
   Finished reading d:/onedrive - university of tennessee/college/utc/master/skywater/rtseval/rtsmobov2/pstchip.dat (00:00:00.03)
Starting to read d:/onedrive - university of tennessee/college/utc/master/skywater/rtseval/rtsmobov2/pstxprt.dat 
   Finished reading d:/onedrive - university of tennessee/college/utc/master/skywater/rtseval/rtsmobov2/pstxprt.dat (00:00:00.00)
Starting to read d:/onedrive - university of tennessee/college/utc/master/skywater/rtseval/rtsmobov2/pstxnet.dat 
   Finished reading d:/onedrive - university of tennessee/college/utc/master/skywater/rtseval/rtsmobov2/pstxnet.dat (00:00:00.00)

------ Oversights/Warnings/Errors ------


------ Library Paths ------
MODULEPATH =  . 
           C:/Cadence/SPB_17.4/share/local/pcb/modules 

PSMPATH =  . 
           symbols 
           .. 
           ../symbols 
           D:/OneDrive - University of Tennessee/College/UTC/Master/Summer 2022/RTS_MotherBoard/allegro 
           D:/OneDrive - University of Tennessee/College/UTC/Software/Allegro 
           C:/Cadence/SPB_17.4/share/local/pcb/symbols 
           C:/Cadence/SPB_17.4/share/pcb/pcb_lib/symbols 
           C:/Cadence/SPB_17.4/share/pcb/allegrolib/symbols 
           C:/SPB_Data/cdssetup/OrCAD_Capture/17.4.0/downloaded_parts/allegropcb 

PADPATH =  . 
           symbols 
           .. 
           ../symbols 
           D:/OneDrive - University of Tennessee/College/UTC/Software/Allegro/PewPads 
           D:/OneDrive - University of Tennessee/College/UTC/Software/Allegro 
           C:/Cadence/SPB_17.4/share/local/pcb/padstacks 
           C:/Cadence/SPB_17.4/share/pcb/pcb_lib/symbols 
           C:/Cadence/SPB_17.4/share/pcb/allegrolib/symbols 
           C:/SPB_Data/cdssetup/OrCAD_Capture/17.4.0/downloaded_parts/allegropcb 


------ Summary Statistics ------


netrev run on Jan 26 0:23:12 2023
   DESIGN NAME : 'RTSEVAL_V2'
   PACKAGING ON Jul 23 2022 21:42:55

   COMPILE 'logic'
   CHECK_PIN_NAMES OFF
   CROSS_REFERENCE OFF
   FEEDBACK OFF
   INCREMENTAL OFF
   INTERFACE_TYPE PHYSICAL
   MAX_ERRORS 500
   MERGE_MINIMUM 5
   NET_NAME_CHARS '#%&()*+-./:=>?@[]^_`|'
   NET_NAME_LENGTH 24
   OVERSIGHTS ON
   REPLACE_CHECK OFF
   SINGLE_NODE_NETS ON
   SPLIT_MINIMUM 0
   SUPPRESS   20
   WARNINGS ON

 No error detected
 No oversight detected
 No warning detected

cpu time      0:01:09
elapsed time  0:00:01

